# JRE version: Java(TM) SE Runtime Environment (8.0_11-b12) (build 1.8.0_11-b12)
# Java VM: Java HotSpot(TM) 64-Bit Server VM (25.11-b03 mixed mode bsd-amd64 compressed oops)
Heap:
 PSYoungGen      total 205824K, used 94135K [0x00000007b0000000, 0x00000007c0000000, 0x00000007c0000000)
  eden space 174080K, 37% used [0x00000007b0000000,0x00000007b4029708,0x00000007baa00000)
  from space 31744K, 89% used [0x00000007be100000,0x00000007bfcc4720,0x00000007c0000000)
  to   space 44032K, 0% used [0x00000007baa00000,0x00000007baa00000,0x00000007bd500000)
 ParOldGen       total 94208K, used 76303K [0x0000000790000000, 0x0000000795c00000, 0x00000007b0000000)
  object space 94208K, 80% used [0x0000000790000000,0x0000000794a83db8,0x0000000795c00000)
 Metaspace       used 60095K, capacity 61928K, committed 62208K, reserved 1103872K
  class space    used 6768K, capacity 7314K, committed 7424K, reserved 1048576K
GC Heap History (10 events):
Event: 12.895 GC heap before
{Heap before GC invocations=78 (full 7):
 PSYoungGen      total 214016K, used 205021K [0x00000007b0000000, 0x00000007bea80000, 0x00000007c0000000)
  eden space 190976K, 100% used [0x00000007b0000000,0x00000007bba80000,0x00000007bba80000)
  from space 23040K, 60% used [0x00000007bd180000,0x00000007bdf37660,0x00000007be800000)
  to   space 23552K, 0% used [0x00000007bba80000,0x00000007bba80000,0x00000007bd180000)
 ParOldGen       total 76800K, used 62952K [0x0000000790000000, 0x0000000794b00000, 0x00000007b0000000)
  object space 76800K, 81% used [0x0000000790000000,0x0000000793d7a258,0x0000000794b00000)
 Metaspace       used 55246K, capacity 56898K, committed 57344K, reserved 1099776K
  class space    used 6156K, capacity 6651K, committed 6656K, reserved 1048576K
Event: 12.916 GC heap after
Heap after GC invocations=78 (full 7):
 PSYoungGen      total 214528K, used 19254K [0x00000007b0000000, 0x00000007bfa80000, 0x00000007c0000000)
  eden space 190976K, 0% used [0x00000007b0000000,0x00000007b0000000,0x00000007bba80000)
  from space 23552K, 81% used [0x00000007bba80000,0x00000007bcd4db38,0x00000007bd180000)
  to   space 26112K, 0% used [0x00000007be100000,0x00000007be100000,0x00000007bfa80000)
 ParOldGen       total 76800K, used 62960K [0x0000000790000000, 0x0000000794b00000, 0x00000007b0000000)
  object space 76800K, 81% used [0x0000000790000000,0x0000000793d7c258,0x0000000794b00000)
 Metaspace       used 55246K, capacity 56898K, committed 57344K, reserved 1099776K
  class space    used 6156K, capacity 6651K, committed 6656K, reserved 1048576K
}
Event: 13.808 GC heap before
{Heap before GC invocations=79 (full 7):
 PSYoungGen      total 214528K, used 210230K [0x00000007b0000000, 0x00000007bfa80000, 0x00000007c0000000)
  eden space 190976K, 100% used [0x00000007b0000000,0x00000007bba80000,0x00000007bba80000)
  from space 23552K, 81% used [0x00000007bba80000,0x00000007bcd4db38,0x00000007bd180000)
  to   space 26112K, 0% used [0x00000007be100000,0x00000007be100000,0x00000007bfa80000)
 ParOldGen       total 76800K, used 62960K [0x0000000790000000, 0x0000000794b00000, 0x00000007b0000000)
  object space 76800K, 81% used [0x0000000790000000,0x0000000793d7c258,0x0000000794b00000)
 Metaspace       used 56821K, capacity 58406K, committed 58880K, reserved 1101824K
  class space    used 6282K, capacity 6786K, committed 6912K, reserved 1048576K
Event: 13.861 GC heap after
Heap after GC invocations=79 (full 7):
 PSYoungGen      total 225280K, used 26102K [0x00000007b0000000, 0x00000007c0000000, 0x00000007c0000000)
  eden space 199168K, 0% used [0x00000007b0000000,0x00000007b0000000,0x00000007bc280000)
  from space 26112K, 99% used [0x00000007be100000,0x00000007bfa7db18,0x00000007bfa80000)
  to   space 31232K, 0% used [0x00000007bc280000,0x00000007bc280000,0x00000007be100000)
 ParOldGen       total 76800K, used 65524K [0x0000000790000000, 0x0000000794b00000, 0x00000007b0000000)
  object space 76800K, 85% used [0x0000000790000000,0x0000000793ffd260,0x0000000794b00000)
 Metaspace       used 56821K, capacity 58406K, committed 58880K, reserved 1101824K
  class space    used 6282K, capacity 6786K, committed 6912K, reserved 1048576K
}
Event: 14.629 GC heap before
{Heap before GC invocations=80 (full 7):
 PSYoungGen      total 225280K, used 225270K [0x00000007b0000000, 0x00000007c0000000, 0x00000007c0000000)
  eden space 199168K, 100% used [0x00000007b0000000,0x00000007bc280000,0x00000007bc280000)
  from space 26112K, 99% used [0x00000007be100000,0x00000007bfa7db18,0x00000007bfa80000)
  to   space 31232K, 0% used [0x00000007bc280000,0x00000007bc280000,0x00000007be100000)
 ParOldGen       total 76800K, used 65524K [0x0000000790000000, 0x0000000794b00000, 0x00000007b0000000)
  object space 76800K, 85% used [0x0000000790000000,0x0000000793ffd260,0x0000000794b00000)
 Metaspace       used 58719K, capacity 60428K, committed 60928K, reserved 1103872K
  class space    used 6554K, capacity 7054K, committed 7168K, reserved 1048576K
Event: 14.659 GC heap after
Heap after GC invocations=80 (full 7):
 PSYoungGen      total 230400K, used 31200K [0x00000007b0000000, 0x00000007c0000000, 0x00000007c0000000)
  eden space 199168K, 0% used [0x00000007b0000000,0x00000007b0000000,0x00000007bc280000)
  from space 31232K, 99% used [0x00000007bc280000,0x00000007be0f80b0,0x00000007be100000)
  to   space 31744K, 0% used [0x00000007be100000,0x00000007be100000,0x00000007c0000000)
 ParOldGen       total 76800K, used 70200K [0x0000000790000000, 0x0000000794b00000, 0x00000007b0000000)
  object space 76800K, 91% used [0x0000000790000000,0x000000079448e220,0x0000000794b00000)
 Metaspace       used 58719K, capacity 60428K, committed 60928K, reserved 1103872K
  class space    used 6554K, capacity 7054K, committed 7168K, reserved 1048576K
}
Event: 15.226 GC heap before
{Heap before GC invocations=81 (full 7):
 PSYoungGen      total 230400K, used 221549K [0x00000007b0000000, 0x00000007c0000000, 0x00000007c0000000)
  eden space 199168K, 95% used [0x00000007b0000000,0x00000007bb9e35b0,0x00000007bc280000)
  from space 31232K, 99% used [0x00000007bc280000,0x00000007be0f80b0,0x00000007be100000)
  to   space 31744K, 0% used [0x00000007be100000,0x00000007be100000,0x00000007c0000000)
 ParOldGen       total 76800K, used 70200K [0x0000000790000000, 0x0000000794b00000, 0x00000007b0000000)
  object space 76800K, 91% used [0x0000000790000000,0x000000079448e220,0x0000000794b00000)
 Metaspace       used 59945K, capacity 61770K, committed 61952K, reserved 1103872K
  class space    used 6736K, capacity 7307K, committed 7424K, reserved 1048576K
Event: 15.259 GC heap after
Heap after GC invocations=81 (full 7):
 PSYoungGen      total 205824K, used 31720K [0x00000007b0000000, 0x00000007c0000000, 0x00000007c0000000)
  eden space 174080K, 0% used [0x00000007b0000000,0x00000007b0000000,0x00000007baa00000)
  from space 31744K, 99% used [0x00000007be100000,0x00000007bfffa170,0x00000007c0000000)
  to   space 44032K, 0% used [0x00000007baa00000,0x00000007baa00000,0x00000007bd500000)
 ParOldGen       total 76800K, used 75851K [0x0000000790000000, 0x0000000794b00000, 0x00000007b0000000)
  object space 76800K, 98% used [0x0000000790000000,0x0000000794a12cf8,0x0000000794b00000)
 Metaspace       used 59945K, capacity 61770K, committed 61952K, reserved 1103872K
  class space    used 6736K, capacity 7307K, committed 7424K, reserved 1048576K
}
Event: 15.259 GC heap before
{Heap before GC invocations=82 (full 8):
 PSYoungGen      total 205824K, used 31720K [0x00000007b0000000, 0x00000007c0000000, 0x00000007c0000000)
  eden space 174080K, 0% used [0x00000007b0000000,0x00000007b0000000,0x00000007baa00000)
  from space 31744K, 99% used [0x00000007be100000,0x00000007bfffa170,0x00000007c0000000)
  to   space 44032K, 0% used [0x00000007baa00000,0x00000007baa00000,0x00000007bd500000)
 ParOldGen       total 76800K, used 75851K [0x0000000790000000, 0x0000000794b00000, 0x00000007b0000000)
  object space 76800K, 98% used [0x0000000790000000,0x0000000794a12cf8,0x0000000794b00000)
 Metaspace       used 59945K, capacity 61770K, committed 61952K, reserved 1103872K
  class space    used 6736K, capacity 7307K, committed 7424K, reserved 1048576K
Event: 16.265 GC heap after
Heap after GC invocations=82 (full 8):
 PSYoungGen      total 205824K, used 28433K [0x00000007b0000000, 0x00000007c0000000, 0x00000007c0000000)
  eden space 174080K, 0% used [0x00000007b0000000,0x00000007b0000000,0x00000007baa00000)
  from space 31744K, 89% used [0x00000007be100000,0x00000007bfcc4720,0x00000007c0000000)
  to   space 44032K, 0% used [0x00000007baa00000,0x00000007baa00000,0x00000007bd500000)
 ParOldGen       total 94208K, used 76303K [0x0000000790000000, 0x0000000795c00000, 0x00000007b0000000)
  object space 94208K, 80% used [0x0000000790000000,0x0000000794a83db8,0x0000000795c00000)
 Metaspace       used 59945K, capacity 61770K, committed 61952K, reserved 1103872K
  class space    used 6736K, capacity 7307K, committed 7424K, reserved 1048576K
}

