# JRE version: Java(TM) SE Runtime Environment (8.0_11-b12) (build 1.8.0_11-b12)
# Java VM: Java HotSpot(TM) 64-Bit Server VM (25.11-b03 mixed mode bsd-amd64 compressed oops)
Heap:
 PSYoungGen      total 221184K, used 64265K [0x00000007b0000000, 0x00000007c0000000, 0x00000007c0000000)
  eden space 197632K, 21% used [0x00000007b0000000,0x00000007b28eb630,0x00000007bc100000)
  from space 23552K, 94% used [0x00000007be900000,0x00000007bfed6f30,0x00000007c0000000)
  to   space 32256K, 0% used [0x00000007bc100000,0x00000007bc100000,0x00000007be080000)
 ParOldGen       total 95744K, used 78894K [0x0000000790000000, 0x0000000795d80000, 0x00000007b0000000)
  object space 95744K, 82% used [0x0000000790000000,0x0000000794d0b9b8,0x0000000795d80000)
 Metaspace       used 59171K, capacity 60936K, committed 61280K, reserved 1103872K
  class space    used 6639K, capacity 7194K, committed 7296K, reserved 1048576K
GC Heap History (10 events):
Event: 12.557 GC heap before
{Heap before GC invocations=60 (full 5):
 PSYoungGen      total 238080K, used 217455K [0x00000007b0000000, 0x00000007bfe80000, 0x00000007c0000000)
  eden space 215552K, 97% used [0x00000007b0000000,0x00000007bccc2c38,0x00000007bd280000)
  from space 22528K, 34% used [0x00000007be880000,0x00000007bf019140,0x00000007bfe80000)
  to   space 22528K, 0% used [0x00000007bd280000,0x00000007bd280000,0x00000007be880000)
 ParOldGen       total 77824K, used 65707K [0x0000000790000000, 0x0000000794c00000, 0x00000007b0000000)
  object space 77824K, 84% used [0x0000000790000000,0x000000079402ad98,0x0000000794c00000)
 Metaspace       used 54396K, capacity 56020K, committed 56544K, reserved 1099776K
  class space    used 6041K, capacity 6539K, committed 6656K, reserved 1048576K
Event: 12.580 GC heap after
Heap after GC invocations=60 (full 5):
 PSYoungGen      total 238080K, used 10649K [0x00000007b0000000, 0x00000007bfe00000, 0x00000007c0000000)
  eden space 215552K, 0% used [0x00000007b0000000,0x00000007b0000000,0x00000007bd280000)
  from space 22528K, 47% used [0x00000007bd280000,0x00000007bdce6520,0x00000007be880000)
  to   space 21504K, 0% used [0x00000007be900000,0x00000007be900000,0x00000007bfe00000)
 ParOldGen       total 77824K, used 65715K [0x0000000790000000, 0x0000000794c00000, 0x00000007b0000000)
  object space 77824K, 84% used [0x0000000790000000,0x000000079402cd98,0x0000000794c00000)
 Metaspace       used 54396K, capacity 56020K, committed 56544K, reserved 1099776K
  class space    used 6041K, capacity 6539K, committed 6656K, reserved 1048576K
}
Event: 13.227 GC heap before
{Heap before GC invocations=61 (full 5):
 PSYoungGen      total 238080K, used 226201K [0x00000007b0000000, 0x00000007bfe00000, 0x00000007c0000000)
  eden space 215552K, 100% used [0x00000007b0000000,0x00000007bd280000,0x00000007bd280000)
  from space 22528K, 47% used [0x00000007bd280000,0x00000007bdce6520,0x00000007be880000)
  to   space 21504K, 0% used [0x00000007be900000,0x00000007be900000,0x00000007bfe00000)
 ParOldGen       total 77824K, used 65715K [0x0000000790000000, 0x0000000794c00000, 0x00000007b0000000)
  object space 77824K, 84% used [0x0000000790000000,0x000000079402cd98,0x0000000794c00000)
 Metaspace       used 55195K, capacity 56830K, committed 57056K, reserved 1099776K
  class space    used 6156K, capacity 6651K, committed 6656K, reserved 1048576K
Event: 13.242 GC heap after
Heap after GC invocations=61 (full 5):
 PSYoungGen      total 238080K, used 15776K [0x00000007b0000000, 0x00000007c0000000, 0x00000007c0000000)
  eden space 216576K, 0% used [0x00000007b0000000,0x00000007b0000000,0x00000007bd380000)
  from space 21504K, 73% used [0x00000007be900000,0x00000007bf868060,0x00000007bfe00000)
  to   space 22016K, 0% used [0x00000007bd380000,0x00000007bd380000,0x00000007be900000)
 ParOldGen       total 77824K, used 65723K [0x0000000790000000, 0x0000000794c00000, 0x00000007b0000000)
  object space 77824K, 84% used [0x0000000790000000,0x000000079402ed98,0x0000000794c00000)
 Metaspace       used 55195K, capacity 56830K, committed 57056K, reserved 1099776K
  class space    used 6156K, capacity 6651K, committed 6656K, reserved 1048576K
}
Event: 14.283 GC heap before
{Heap before GC invocations=62 (full 5):
 PSYoungGen      total 238080K, used 232352K [0x00000007b0000000, 0x00000007c0000000, 0x00000007c0000000)
  eden space 216576K, 100% used [0x00000007b0000000,0x00000007bd380000,0x00000007bd380000)
  from space 21504K, 73% used [0x00000007be900000,0x00000007bf868060,0x00000007bfe00000)
  to   space 22016K, 0% used [0x00000007bd380000,0x00000007bd380000,0x00000007be900000)
 ParOldGen       total 77824K, used 65723K [0x0000000790000000, 0x0000000794c00000, 0x00000007b0000000)
  object space 77824K, 84% used [0x0000000790000000,0x000000079402ed98,0x0000000794c00000)
 Metaspace       used 56995K, capacity 58594K, committed 59104K, reserved 1101824K
  class space    used 6301K, capacity 6786K, committed 6912K, reserved 1048576K
Event: 14.309 GC heap after
Heap after GC invocations=62 (full 5):
 PSYoungGen      total 238592K, used 22001K [0x00000007b0000000, 0x00000007c0000000, 0x00000007c0000000)
  eden space 216576K, 0% used [0x00000007b0000000,0x00000007b0000000,0x00000007bd380000)
  from space 22016K, 99% used [0x00000007bd380000,0x00000007be8fc6d8,0x00000007be900000)
  to   space 23552K, 0% used [0x00000007be900000,0x00000007be900000,0x00000007c0000000)
 ParOldGen       total 77824K, used 70370K [0x0000000790000000, 0x0000000794c00000, 0x00000007b0000000)
  object space 77824K, 90% used [0x0000000790000000,0x00000007944b8938,0x0000000794c00000)
 Metaspace       used 56995K, capacity 58594K, committed 59104K, reserved 1101824K
  class space    used 6301K, capacity 6786K, committed 6912K, reserved 1048576K
}
Event: 15.089 GC heap before
{Heap before GC invocations=63 (full 5):
 PSYoungGen      total 238592K, used 238577K [0x00000007b0000000, 0x00000007c0000000, 0x00000007c0000000)
  eden space 216576K, 100% used [0x00000007b0000000,0x00000007bd380000,0x00000007bd380000)
  from space 22016K, 99% used [0x00000007bd380000,0x00000007be8fc6d8,0x00000007be900000)
  to   space 23552K, 0% used [0x00000007be900000,0x00000007be900000,0x00000007c0000000)
 ParOldGen       total 77824K, used 70370K [0x0000000790000000, 0x0000000794c00000, 0x00000007b0000000)
  object space 77824K, 90% used [0x0000000790000000,0x00000007944b8938,0x0000000794c00000)
 Metaspace       used 58955K, capacity 60708K, committed 61152K, reserved 1103872K
  class space    used 6608K, capacity 7145K, committed 7168K, reserved 1048576K
Event: 15.121 GC heap after
Heap after GC invocations=63 (full 5):
 PSYoungGen      total 221184K, used 23538K [0x00000007b0000000, 0x00000007c0000000, 0x00000007c0000000)
  eden space 197632K, 0% used [0x00000007b0000000,0x00000007b0000000,0x00000007bc100000)
  from space 23552K, 99% used [0x00000007be900000,0x00000007bfffc998,0x00000007c0000000)
  to   space 32256K, 0% used [0x00000007bc100000,0x00000007bc100000,0x00000007be080000)
 ParOldGen       total 79360K, used 79130K [0x0000000790000000, 0x0000000794d80000, 0x00000007b0000000)
  object space 79360K, 99% used [0x0000000790000000,0x0000000794d46888,0x0000000794d80000)
 Metaspace       used 58955K, capacity 60708K, committed 61152K, reserved 1103872K
  class space    used 6608K, capacity 7145K, committed 7168K, reserved 1048576K
}
Event: 15.121 GC heap before
{Heap before GC invocations=64 (full 6):
 PSYoungGen      total 221184K, used 23538K [0x00000007b0000000, 0x00000007c0000000, 0x00000007c0000000)
  eden space 197632K, 0% used [0x00000007b0000000,0x00000007b0000000,0x00000007bc100000)
  from space 23552K, 99% used [0x00000007be900000,0x00000007bfffc998,0x00000007c0000000)
  to   space 32256K, 0% used [0x00000007bc100000,0x00000007bc100000,0x00000007be080000)
 ParOldGen       total 79360K, used 79130K [0x0000000790000000, 0x0000000794d80000, 0x00000007b0000000)
  object space 79360K, 99% used [0x0000000790000000,0x0000000794d46888,0x0000000794d80000)
 Metaspace       used 58955K, capacity 60708K, committed 61152K, reserved 1103872K
  class space    used 6608K, capacity 7145K, committed 7168K, reserved 1048576K
Event: 15.942 GC heap after
Heap after GC invocations=64 (full 6):
 PSYoungGen      total 221184K, used 22363K [0x00000007b0000000, 0x00000007c0000000, 0x00000007c0000000)
  eden space 197632K, 0% used [0x00000007b0000000,0x00000007b0000000,0x00000007bc100000)
  from space 23552K, 94% used [0x00000007be900000,0x00000007bfed6f30,0x00000007c0000000)
  to   space 32256K, 0% used [0x00000007bc100000,0x00000007bc100000,0x00000007be080000)
 ParOldGen       total 95744K, used 78894K [0x0000000790000000, 0x0000000795d80000, 0x00000007b0000000)
  object space 95744K, 82% used [0x0000000790000000,0x0000000794d0b9b8,0x0000000795d80000)
 Metaspace       used 58955K, capacity 60708K, committed 61152K, reserved 1103872K
  class space    used 6608K, capacity 7145K, committed 7168K, reserved 1048576K
}

